Sat Mar  7 21:49:12 CST 2020
Sat Mar  7 22:00:01 CST 2020
Sat Mar  7 22:08:34 CST 2020
Sat Mar  7 22:09:41 CST 2020
Sat Mar  7 22:12:25 CST 2020
Sun Mar  8 13:09:42 CDT 2020
Sun Mar  8 22:33:08 CDT 2020
Sun Mar  8 23:12:15 CDT 2020
Mon Mar  9 15:03:14 CDT 2020
Mon Mar  9 17:09:37 CDT 2020
Mon Mar  9 17:39:06 CDT 2020
Mon Mar  9 22:15:56 CDT 2020
Mon Mar  9 22:19:55 CDT 2020
Tue Mar 10 00:11:20 CDT 2020
Tue Mar 10 01:18:37 CDT 2020
Tue Mar 10 02:40:03 CDT 2020
Tue Mar 10 13:45:10 CDT 2020
Tue Mar 10 23:14:06 CDT 2020
Wed Mar 11 14:58:19 CDT 2020
Wed Mar 11 19:04:05 CDT 2020
Wed Mar 11 21:33:40 CDT 2020
Wed Mar 11 22:00:01 CDT 2020
Wed Mar 11 22:50:53 CDT 2020
Thu Mar 12 02:17:42 CDT 2020
Thu Mar 12 19:26:35 CDT 2020
Fri Mar 13 01:52:41 CDT 2020
Fri Mar 13 06:13:35 CDT 2020
Sat Mar 14 02:00:28 CDT 2020
Sat Mar 14 04:16:50 CDT 2020
Sat Mar 14 08:29:21 CDT 2020
Sat Mar 14 17:54:56 CDT 2020
Sun Mar 15 06:02:43 CDT 2020
Sun Mar 15 17:49:12 CDT 2020
Mon Mar 16 00:01:19 CDT 2020
Mon Mar 16 04:48:31 CDT 2020
Mon Mar 16 04:57:51 CDT 2020
Mon Mar 16 19:28:08 CDT 2020
Mon Mar 16 23:48:45 CDT 2020
Thu Mar 19 01:46:28 CDT 2020
Thu Mar 19 07:16:12 CDT 2020
Thu Mar 19 12:29:16 CDT 2020
Fri Mar 20 02:18:06 CDT 2020
Fri Mar 20 18:09:26 CDT 2020
